2016/08/08 08:38:35 [error] [exception.CHttpException.400] CHttpException: Your request is invalid. in C:\xampp\htdocs\yii\framework\web\CController.php:336
Stack trace:
#0 C:\xampp\htdocs\yii\framework\web\CController.php(309): CController->invalidActionParams(Object(CInlineAction))
#1 C:\xampp\htdocs\yii\framework\web\filters\CFilterChain.php(133): CController->runAction(Object(CInlineAction))
#2 C:\xampp\htdocs\yii\framework\web\filters\CFilter.php(40): CFilterChain->run()
#3 C:\xampp\htdocs\yii\framework\web\CController.php(1145): CFilter->filter(Object(CFilterChain))
#4 C:\xampp\htdocs\yii\framework\web\filters\CInlineFilter.php(58): CController->filterAccessControl(Object(CFilterChain))
#5 C:\xampp\htdocs\yii\framework\web\filters\CFilterChain.php(130): CInlineFilter->filter(Object(CFilterChain))
#6 C:\xampp\htdocs\yii\framework\web\CController.php(291): CFilterChain->run()
#7 C:\xampp\htdocs\yii\framework\web\CController.php(265): CController->runActionWithFilters(Object(CInlineAction), Array)
#8 C:\xampp\htdocs\yii\framework\web\CWebApplication.php(282): CController->run('create')
#9 C:\xampp\htdocs\yii\framework\web\CWebApplication.php(141): CWebApplication->runController('estacion/create')
#10 C:\xampp\htdocs\yii\framework\base\CApplication.php(184): CWebApplication->processRequest()
#11 C:\xampp\htdocs\SmobilWeb\index.php(18): CApplication->run()
#12 {main}
REQUEST_URI=/SmobilWeb/estacion/create/1?flag=1
HTTP_REFERER=http://localhost/SmobilWeb/granjas
---
2016/08/08 08:42:05 [error] [exception.CHttpException.400] CHttpException: Your request is invalid. in C:\xampp\htdocs\yii\framework\web\CController.php:336
Stack trace:
#0 C:\xampp\htdocs\yii\framework\web\CController.php(309): CController->invalidActionParams(Object(CInlineAction))
#1 C:\xampp\htdocs\yii\framework\web\filters\CFilterChain.php(133): CController->runAction(Object(CInlineAction))
#2 C:\xampp\htdocs\yii\framework\web\filters\CFilter.php(40): CFilterChain->run()
#3 C:\xampp\htdocs\yii\framework\web\CController.php(1145): CFilter->filter(Object(CFilterChain))
#4 C:\xampp\htdocs\yii\framework\web\filters\CInlineFilter.php(58): CController->filterAccessControl(Object(CFilterChain))
#5 C:\xampp\htdocs\yii\framework\web\filters\CFilterChain.php(130): CInlineFilter->filter(Object(CFilterChain))
#6 C:\xampp\htdocs\yii\framework\web\CController.php(291): CFilterChain->run()
#7 C:\xampp\htdocs\yii\framework\web\CController.php(265): CController->runActionWithFilters(Object(CInlineAction), Array)
#8 C:\xampp\htdocs\yii\framework\web\CWebApplication.php(282): CController->run('create')
#9 C:\xampp\htdocs\yii\framework\web\CWebApplication.php(141): CWebApplication->runController('estacion/create')
#10 C:\xampp\htdocs\yii\framework\base\CApplication.php(184): CWebApplication->processRequest()
#11 C:\xampp\htdocs\SmobilWeb\index.php(18): CApplication->run()
#12 {main}
REQUEST_URI=/SmobilWeb/estacion/create/1?flag=1
HTTP_REFERER=http://localhost/SmobilWeb/granjas
---
2016/08/08 08:42:42 [error] [exception.CHttpException.400] CHttpException: Your request is invalid. in C:\xampp\htdocs\yii\framework\web\CController.php:336
Stack trace:
#0 C:\xampp\htdocs\yii\framework\web\CController.php(309): CController->invalidActionParams(Object(CInlineAction))
#1 C:\xampp\htdocs\yii\framework\web\filters\CFilterChain.php(133): CController->runAction(Object(CInlineAction))
#2 C:\xampp\htdocs\yii\framework\web\filters\CFilter.php(40): CFilterChain->run()
#3 C:\xampp\htdocs\yii\framework\web\CController.php(1145): CFilter->filter(Object(CFilterChain))
#4 C:\xampp\htdocs\yii\framework\web\filters\CInlineFilter.php(58): CController->filterAccessControl(Object(CFilterChain))
#5 C:\xampp\htdocs\yii\framework\web\filters\CFilterChain.php(130): CInlineFilter->filter(Object(CFilterChain))
#6 C:\xampp\htdocs\yii\framework\web\CController.php(291): CFilterChain->run()
#7 C:\xampp\htdocs\yii\framework\web\CController.php(265): CController->runActionWithFilters(Object(CInlineAction), Array)
#8 C:\xampp\htdocs\yii\framework\web\CWebApplication.php(282): CController->run('create')
#9 C:\xampp\htdocs\yii\framework\web\CWebApplication.php(141): CWebApplication->runController('estacion/create')
#10 C:\xampp\htdocs\yii\framework\base\CApplication.php(184): CWebApplication->processRequest()
#11 C:\xampp\htdocs\SmobilWeb\index.php(18): CApplication->run()
#12 {main}
REQUEST_URI=/SmobilWeb/estacion/create/1?flag=1
HTTP_REFERER=http://localhost/SmobilWeb/granjas
---
2016/08/08 08:44:09 [error] [exception.CHttpException.400] CHttpException: Your request is invalid. in C:\xampp\htdocs\yii\framework\web\CController.php:336
Stack trace:
#0 C:\xampp\htdocs\yii\framework\web\CController.php(309): CController->invalidActionParams(Object(CInlineAction))
#1 C:\xampp\htdocs\yii\framework\web\filters\CFilterChain.php(133): CController->runAction(Object(CInlineAction))
#2 C:\xampp\htdocs\yii\framework\web\filters\CFilter.php(40): CFilterChain->run()
#3 C:\xampp\htdocs\yii\framework\web\CController.php(1145): CFilter->filter(Object(CFilterChain))
#4 C:\xampp\htdocs\yii\framework\web\filters\CInlineFilter.php(58): CController->filterAccessControl(Object(CFilterChain))
#5 C:\xampp\htdocs\yii\framework\web\filters\CFilterChain.php(130): CInlineFilter->filter(Object(CFilterChain))
#6 C:\xampp\htdocs\yii\framework\web\CController.php(291): CFilterChain->run()
#7 C:\xampp\htdocs\yii\framework\web\CController.php(265): CController->runActionWithFilters(Object(CInlineAction), Array)
#8 C:\xampp\htdocs\yii\framework\web\CWebApplication.php(282): CController->run('create')
#9 C:\xampp\htdocs\yii\framework\web\CWebApplication.php(141): CWebApplication->runController('estacion/create')
#10 C:\xampp\htdocs\yii\framework\base\CApplication.php(184): CWebApplication->processRequest()
#11 C:\xampp\htdocs\SmobilWeb\index.php(18): CApplication->run()
#12 {main}
REQUEST_URI=/SmobilWeb/estacion/create/1
---
2016/08/08 08:44:22 [error] [exception.CHttpException.400] CHttpException: Your request is invalid. in C:\xampp\htdocs\yii\framework\web\CController.php:336
Stack trace:
#0 C:\xampp\htdocs\yii\framework\web\CController.php(309): CController->invalidActionParams(Object(CInlineAction))
#1 C:\xampp\htdocs\yii\framework\web\filters\CFilterChain.php(133): CController->runAction(Object(CInlineAction))
#2 C:\xampp\htdocs\yii\framework\web\filters\CFilter.php(40): CFilterChain->run()
#3 C:\xampp\htdocs\yii\framework\web\CController.php(1145): CFilter->filter(Object(CFilterChain))
#4 C:\xampp\htdocs\yii\framework\web\filters\CInlineFilter.php(58): CController->filterAccessControl(Object(CFilterChain))
#5 C:\xampp\htdocs\yii\framework\web\filters\CFilterChain.php(130): CInlineFilter->filter(Object(CFilterChain))
#6 C:\xampp\htdocs\yii\framework\web\CController.php(291): CFilterChain->run()
#7 C:\xampp\htdocs\yii\framework\web\CController.php(265): CController->runActionWithFilters(Object(CInlineAction), Array)
#8 C:\xampp\htdocs\yii\framework\web\CWebApplication.php(282): CController->run('create')
#9 C:\xampp\htdocs\yii\framework\web\CWebApplication.php(141): CWebApplication->runController('estacion/create')
#10 C:\xampp\htdocs\yii\framework\base\CApplication.php(184): CWebApplication->processRequest()
#11 C:\xampp\htdocs\SmobilWeb\index.php(18): CApplication->run()
#12 {main}
REQUEST_URI=/SmobilWeb/estacion/create/1
---
2016/08/08 08:44:34 [error] [exception.CHttpException.400] CHttpException: Your request is invalid. in C:\xampp\htdocs\yii\framework\web\CController.php:336
Stack trace:
#0 C:\xampp\htdocs\yii\framework\web\CController.php(309): CController->invalidActionParams(Object(CInlineAction))
#1 C:\xampp\htdocs\yii\framework\web\filters\CFilterChain.php(133): CController->runAction(Object(CInlineAction))
#2 C:\xampp\htdocs\yii\framework\web\filters\CFilter.php(40): CFilterChain->run()
#3 C:\xampp\htdocs\yii\framework\web\CController.php(1145): CFilter->filter(Object(CFilterChain))
#4 C:\xampp\htdocs\yii\framework\web\filters\CInlineFilter.php(58): CController->filterAccessControl(Object(CFilterChain))
#5 C:\xampp\htdocs\yii\framework\web\filters\CFilterChain.php(130): CInlineFilter->filter(Object(CFilterChain))
#6 C:\xampp\htdocs\yii\framework\web\CController.php(291): CFilterChain->run()
#7 C:\xampp\htdocs\yii\framework\web\CController.php(265): CController->runActionWithFilters(Object(CInlineAction), Array)
#8 C:\xampp\htdocs\yii\framework\web\CWebApplication.php(282): CController->run('create')
#9 C:\xampp\htdocs\yii\framework\web\CWebApplication.php(141): CWebApplication->runController('estacion/create')
#10 C:\xampp\htdocs\yii\framework\base\CApplication.php(184): CWebApplication->processRequest()
#11 C:\xampp\htdocs\SmobilWeb\index.php(18): CApplication->run()
#12 {main}
REQUEST_URI=/SmobilWeb/index.php/estacion/create/1
---
2016/08/08 08:44:42 [error] [exception.CHttpException.400] CHttpException: Your request is invalid. in C:\xampp\htdocs\yii\framework\web\CController.php:336
Stack trace:
#0 C:\xampp\htdocs\yii\framework\web\CController.php(309): CController->invalidActionParams(Object(CInlineAction))
#1 C:\xampp\htdocs\yii\framework\web\filters\CFilterChain.php(133): CController->runAction(Object(CInlineAction))
#2 C:\xampp\htdocs\yii\framework\web\filters\CFilter.php(40): CFilterChain->run()
#3 C:\xampp\htdocs\yii\framework\web\CController.php(1145): CFilter->filter(Object(CFilterChain))
#4 C:\xampp\htdocs\yii\framework\web\filters\CInlineFilter.php(58): CController->filterAccessControl(Object(CFilterChain))
#5 C:\xampp\htdocs\yii\framework\web\filters\CFilterChain.php(130): CInlineFilter->filter(Object(CFilterChain))
#6 C:\xampp\htdocs\yii\framework\web\CController.php(291): CFilterChain->run()
#7 C:\xampp\htdocs\yii\framework\web\CController.php(265): CController->runActionWithFilters(Object(CInlineAction), Array)
#8 C:\xampp\htdocs\yii\framework\web\CWebApplication.php(282): CController->run('create')
#9 C:\xampp\htdocs\yii\framework\web\CWebApplication.php(141): CWebApplication->runController('estacion/create')
#10 C:\xampp\htdocs\yii\framework\base\CApplication.php(184): CWebApplication->processRequest()
#11 C:\xampp\htdocs\SmobilWeb\index.php(18): CApplication->run()
#12 {main}
REQUEST_URI=/SmobilWeb/index.php/estacion/create/1
---
2016/08/08 08:44:44 [error] [exception.CHttpException.400] CHttpException: Your request is invalid. in C:\xampp\htdocs\yii\framework\web\CController.php:336
Stack trace:
#0 C:\xampp\htdocs\yii\framework\web\CController.php(309): CController->invalidActionParams(Object(CInlineAction))
#1 C:\xampp\htdocs\yii\framework\web\filters\CFilterChain.php(133): CController->runAction(Object(CInlineAction))
#2 C:\xampp\htdocs\yii\framework\web\filters\CFilter.php(40): CFilterChain->run()
#3 C:\xampp\htdocs\yii\framework\web\CController.php(1145): CFilter->filter(Object(CFilterChain))
#4 C:\xampp\htdocs\yii\framework\web\filters\CInlineFilter.php(58): CController->filterAccessControl(Object(CFilterChain))
#5 C:\xampp\htdocs\yii\framework\web\filters\CFilterChain.php(130): CInlineFilter->filter(Object(CFilterChain))
#6 C:\xampp\htdocs\yii\framework\web\CController.php(291): CFilterChain->run()
#7 C:\xampp\htdocs\yii\framework\web\CController.php(265): CController->runActionWithFilters(Object(CInlineAction), Array)
#8 C:\xampp\htdocs\yii\framework\web\CWebApplication.php(282): CController->run('create')
#9 C:\xampp\htdocs\yii\framework\web\CWebApplication.php(141): CWebApplication->runController('estacion/create')
#10 C:\xampp\htdocs\yii\framework\base\CApplication.php(184): CWebApplication->processRequest()
#11 C:\xampp\htdocs\SmobilWeb\index.php(18): CApplication->run()
#12 {main}
REQUEST_URI=/SmobilWeb/index.php/estacion/create/
---
2016/08/08 08:45:55 [error] [exception.CHttpException.400] CHttpException: Your request is invalid. in C:\xampp\htdocs\yii\framework\web\CController.php:336
Stack trace:
#0 C:\xampp\htdocs\yii\framework\web\CController.php(309): CController->invalidActionParams(Object(CInlineAction))
#1 C:\xampp\htdocs\yii\framework\web\filters\CFilterChain.php(133): CController->runAction(Object(CInlineAction))
#2 C:\xampp\htdocs\yii\framework\web\filters\CFilter.php(40): CFilterChain->run()
#3 C:\xampp\htdocs\yii\framework\web\CController.php(1145): CFilter->filter(Object(CFilterChain))
#4 C:\xampp\htdocs\yii\framework\web\filters\CInlineFilter.php(58): CController->filterAccessControl(Object(CFilterChain))
#5 C:\xampp\htdocs\yii\framework\web\filters\CFilterChain.php(130): CInlineFilter->filter(Object(CFilterChain))
#6 C:\xampp\htdocs\yii\framework\web\CController.php(291): CFilterChain->run()
#7 C:\xampp\htdocs\yii\framework\web\CController.php(265): CController->runActionWithFilters(Object(CInlineAction), Array)
#8 C:\xampp\htdocs\yii\framework\web\CWebApplication.php(282): CController->run('create')
#9 C:\xampp\htdocs\yii\framework\web\CWebApplication.php(141): CWebApplication->runController('estacion/create')
#10 C:\xampp\htdocs\yii\framework\base\CApplication.php(184): CWebApplication->processRequest()
#11 C:\xampp\htdocs\SmobilWeb\index.php(18): CApplication->run()
#12 {main}
REQUEST_URI=/SmobilWeb/estacion/create/1?flag=1
HTTP_REFERER=http://localhost/SmobilWeb/granjas
---
2016/08/08 08:46:10 [error] [exception.ParseError] ParseError: syntax error, unexpected '"', expecting ')' in C:\xampp\htdocs\yii\framework\base\CComponent.php(612) : eval()'d code:1
Stack trace:
#0 C:\xampp\htdocs\yii\framework\zii\widgets\grid\CButtonColumn.php(328): CComponent->evaluateExpression('Yii::app()->cre...', Array)
#1 C:\xampp\htdocs\yii\framework\zii\widgets\grid\CButtonColumn.php(307): CButtonColumn->renderButton('iglu', Array, 0, Object(Granjas))
#2 C:\xampp\htdocs\yii\framework\zii\widgets\grid\CGridColumn.php(154): CButtonColumn->renderDataCellContent(0, Object(Granjas))
#3 C:\xampp\htdocs\yii\framework\zii\widgets\grid\CGridView.php(638): CGridColumn->renderDataCell(0)
#4 C:\xampp\htdocs\yii\framework\zii\widgets\grid\CGridView.php(622): CGridView->renderDataCell(Object(NCButtonColumn), 0)
#5 C:\xampp\htdocs\yii\framework\zii\widgets\grid\CGridView.php(578): CGridView->renderTableRow(0)
#6 C:\xampp\htdocs\yii\framework\zii\widgets\grid\CGridView.php(488): CGridView->renderTableBody()
#7 C:\xampp\htdocs\yii\framework\zii\widgets\CBaseListView.php(181): CGridView->renderItems()
#8 [internal function]: CBaseListView->renderSection(Array)
#9 C:\xampp\htdocs\yii\framework\zii\widgets\CBaseListView.php(164): preg_replace_callback('/{(\\w+)}/', Array, '{items}{summary...')
#10 C:\xampp\htdocs\yii\framework\zii\widgets\CBaseListView.php(149): CBaseListView->renderContent()
#11 C:\xampp\htdocs\yii\framework\web\CBaseController.php(181): CBaseListView->run()
#12 C:\xampp\htdocs\SmobilWeb\protected\views\granjas\index.php(23): CBaseController->widget('zii.widgets.gri...', Array)
#13 C:\xampp\htdocs\yii\framework\web\CBaseController.php(126): require('C:\\xampp\\htdocs...')
#14 C:\xampp\htdocs\yii\framework\web\CBaseController.php(95): CBaseController->renderInternal('C:\\xampp\\htdocs...', Array, true)
#15 C:\xampp\htdocs\yii\framework\web\CController.php(869): CBaseController->renderFile('C:\\xampp\\htdocs...', Array, true)
#16 C:\xampp\htdocs\yii\framework\web\CController.php(782): CController->renderPartial('index', Array, true)
#17 C:\xampp\htdocs\SmobilWeb\protected\controllers\GranjasController.php(172): CController->render('index', Array)
#18 C:\xampp\htdocs\yii\framework\web\actions\CInlineAction.php(49): GranjasController->actionIndex()
#19 C:\xampp\htdocs\yii\framework\web\CController.php(308): CInlineAction->runWithParams(Array)
#20 C:\xampp\htdocs\yii\framework\web\filters\CFilterChain.php(133): CController->runAction(Object(CInlineAction))
#21 C:\xampp\htdocs\yii\framework\web\filters\CFilter.php(40): CFilterChain->run()
#22 C:\xampp\htdocs\yii\framework\web\CController.php(1145): CFilter->filter(Object(CFilterChain))
#23 C:\xampp\htdocs\yii\framework\web\filters\CInlineFilter.php(58): CController->filterAccessControl(Object(CFilterChain))
#24 C:\xampp\htdocs\yii\framework\web\filters\CFilterChain.php(130): CInlineFilter->filter(Object(CFilterChain))
#25 C:\xampp\htdocs\yii\framework\web\CController.php(291): CFilterChain->run()
#26 C:\xampp\htdocs\yii\framework\web\CController.php(265): CController->runActionWithFilters(Object(CInlineAction), Array)
#27 C:\xampp\htdocs\yii\framework\web\CWebApplication.php(282): CController->run('')
#28 C:\xampp\htdocs\yii\framework\web\CWebApplication.php(141): CWebApplication->runController('granjas')
#29 C:\xampp\htdocs\yii\framework\base\CApplication.php(184): CWebApplication->processRequest()
#30 C:\xampp\htdocs\SmobilWeb\index.php(18): CApplication->run()
#31 {main}
REQUEST_URI=/SmobilWeb/granjas
HTTP_REFERER=http://localhost/SmobilWeb/estacion/create/tipo/1
---
2016/08/08 09:17:00 [error] [exception.CException] CException: Property "Estacion.nombre" is not defined. in C:\xampp\htdocs\yii\framework\base\CComponent.php:130
Stack trace:
#0 C:\xampp\htdocs\yii\framework\db\ar\CActiveRecord.php(145): CComponent->__get('nombre')
#1 C:\xampp\htdocs\yii\framework\web\helpers\CHtml.php(2728): CActiveRecord->__get('nombre')
#2 C:\xampp\htdocs\yii\framework\web\helpers\CHtml.php(2451): CHtml::resolveValue(Object(Estacion), 'nombre')
#3 C:\xampp\htdocs\yii\framework\web\helpers\CHtml.php(1533): CHtml::activeInputField('text', Object(Estacion), 'nombre', Array)
#4 C:\xampp\htdocs\yii\framework\web\widgets\CActiveForm.php(792): CHtml::activeTextField(Object(Estacion), 'nombre', Array)
#5 C:\xampp\htdocs\SmobilWeb\protected\views\granjas\_form.php(26): CActiveForm->textField(Object(Estacion), 'nombre', Array)
#6 C:\xampp\htdocs\yii\framework\web\CBaseController.php(126): require('C:\\xampp\\htdocs...')
#7 C:\xampp\htdocs\yii\framework\web\CBaseController.php(95): CBaseController->renderInternal('C:\\xampp\\htdocs...', Array, true)
#8 C:\xampp\htdocs\yii\framework\web\CController.php(869): CBaseController->renderFile('C:\\xampp\\htdocs...', Array, true)
#9 C:\xampp\htdocs\SmobilWeb\protected\views\granjas\create.php(13): CController->renderPartial('_form', Array)
#10 C:\xampp\htdocs\yii\framework\web\CBaseController.php(126): require('C:\\xampp\\htdocs...')
#11 C:\xampp\htdocs\yii\framework\web\CBaseController.php(95): CBaseController->renderInternal('C:\\xampp\\htdocs...', Array, true)
#12 C:\xampp\htdocs\yii\framework\web\CController.php(869): CBaseController->renderFile('C:\\xampp\\htdocs...', Array, true)
#13 C:\xampp\htdocs\yii\framework\web\CController.php(782): CController->renderPartial('create', Array, true)
#14 C:\xampp\htdocs\SmobilWeb\protected\controllers\GranjasController.php(126): CController->render('create', Array)
#15 [internal function]: GranjasController->actionIgloo('1')
#16 C:\xampp\htdocs\yii\framework\web\actions\CAction.php(109): ReflectionMethod->invokeArgs(Object(GranjasController), Array)
#17 C:\xampp\htdocs\yii\framework\web\actions\CInlineAction.php(47): CAction->runWithParamsInternal(Object(GranjasController), Object(ReflectionMethod), Array)
#18 C:\xampp\htdocs\yii\framework\web\CController.php(308): CInlineAction->runWithParams(Array)
#19 C:\xampp\htdocs\yii\framework\web\filters\CFilterChain.php(133): CController->runAction(Object(CInlineAction))
#20 C:\xampp\htdocs\yii\framework\web\filters\CFilter.php(40): CFilterChain->run()
#21 C:\xampp\htdocs\yii\framework\web\CController.php(1145): CFilter->filter(Object(CFilterChain))
#22 C:\xampp\htdocs\yii\framework\web\filters\CInlineFilter.php(58): CController->filterAccessControl(Object(CFilterChain))
#23 C:\xampp\htdocs\yii\framework\web\filters\CFilterChain.php(130): CInlineFilter->filter(Object(CFilterChain))
#24 C:\xampp\htdocs\yii\framework\web\CController.php(291): CFilterChain->run()
#25 C:\xampp\htdocs\yii\framework\web\CController.php(265): CController->runActionWithFilters(Object(CInlineAction), Array)
#26 C:\xampp\htdocs\yii\framework\web\CWebApplication.php(282): CController->run('igloo')
#27 C:\xampp\htdocs\yii\framework\web\CWebApplication.php(141): CWebApplication->runController('granjas/igloo')
#28 C:\xampp\htdocs\yii\framework\base\CApplication.php(184): CWebApplication->processRequest()
#29 C:\xampp\htdocs\SmobilWeb\index.php(18): CApplication->run()
#30 {main}
REQUEST_URI=/SmobilWeb/granjas/igloo/1
HTTP_REFERER=http://localhost/SmobilWeb/granjas
---
2016/08/08 09:20:36 [error] [exception.CException] CException: Property "Estacion.nombre" is not defined. in C:\xampp\htdocs\yii\framework\base\CComponent.php:130
Stack trace:
#0 C:\xampp\htdocs\yii\framework\db\ar\CActiveRecord.php(145): CComponent->__get('nombre')
#1 C:\xampp\htdocs\yii\framework\web\helpers\CHtml.php(2728): CActiveRecord->__get('nombre')
#2 C:\xampp\htdocs\yii\framework\web\helpers\CHtml.php(2451): CHtml::resolveValue(Object(Estacion), 'nombre')
#3 C:\xampp\htdocs\yii\framework\web\helpers\CHtml.php(1533): CHtml::activeInputField('text', Object(Estacion), 'nombre', Array)
#4 C:\xampp\htdocs\yii\framework\web\widgets\CActiveForm.php(792): CHtml::activeTextField(Object(Estacion), 'nombre', Array)
#5 C:\xampp\htdocs\SmobilWeb\protected\views\granjas\_form.php(26): CActiveForm->textField(Object(Estacion), 'nombre', Array)
#6 C:\xampp\htdocs\yii\framework\web\CBaseController.php(126): require('C:\\xampp\\htdocs...')
#7 C:\xampp\htdocs\yii\framework\web\CBaseController.php(95): CBaseController->renderInternal('C:\\xampp\\htdocs...', Array, true)
#8 C:\xampp\htdocs\yii\framework\web\CController.php(869): CBaseController->renderFile('C:\\xampp\\htdocs...', Array, true)
#9 C:\xampp\htdocs\SmobilWeb\protected\views\granjas\create.php(13): CController->renderPartial('_form', Array)
#10 C:\xampp\htdocs\yii\framework\web\CBaseController.php(126): require('C:\\xampp\\htdocs...')
#11 C:\xampp\htdocs\yii\framework\web\CBaseController.php(95): CBaseController->renderInternal('C:\\xampp\\htdocs...', Array, true)
#12 C:\xampp\htdocs\yii\framework\web\CController.php(869): CBaseController->renderFile('C:\\xampp\\htdocs...', Array, true)
#13 C:\xampp\htdocs\yii\framework\web\CController.php(782): CController->renderPartial('create', Array, true)
#14 C:\xampp\htdocs\SmobilWeb\protected\controllers\GranjasController.php(126): CController->render('create', Array)
#15 [internal function]: GranjasController->actionIgloo('1')
#16 C:\xampp\htdocs\yii\framework\web\actions\CAction.php(109): ReflectionMethod->invokeArgs(Object(GranjasController), Array)
#17 C:\xampp\htdocs\yii\framework\web\actions\CInlineAction.php(47): CAction->runWithParamsInternal(Object(GranjasController), Object(ReflectionMethod), Array)
#18 C:\xampp\htdocs\yii\framework\web\CController.php(308): CInlineAction->runWithParams(Array)
#19 C:\xampp\htdocs\yii\framework\web\filters\CFilterChain.php(133): CController->runAction(Object(CInlineAction))
#20 C:\xampp\htdocs\yii\framework\web\filters\CFilter.php(40): CFilterChain->run()
#21 C:\xampp\htdocs\yii\framework\web\CController.php(1145): CFilter->filter(Object(CFilterChain))
#22 C:\xampp\htdocs\yii\framework\web\filters\CInlineFilter.php(58): CController->filterAccessControl(Object(CFilterChain))
#23 C:\xampp\htdocs\yii\framework\web\filters\CFilterChain.php(130): CInlineFilter->filter(Object(CFilterChain))
#24 C:\xampp\htdocs\yii\framework\web\CController.php(291): CFilterChain->run()
#25 C:\xampp\htdocs\yii\framework\web\CController.php(265): CController->runActionWithFilters(Object(CInlineAction), Array)
#26 C:\xampp\htdocs\yii\framework\web\CWebApplication.php(282): CController->run('igloo')
#27 C:\xampp\htdocs\yii\framework\web\CWebApplication.php(141): CWebApplication->runController('granjas/igloo')
#28 C:\xampp\htdocs\yii\framework\base\CApplication.php(184): CWebApplication->processRequest()
#29 C:\xampp\htdocs\SmobilWeb\index.php(18): CApplication->run()
#30 {main}
REQUEST_URI=/SmobilWeb/granjas/igloo/1
HTTP_REFERER=http://localhost/SmobilWeb/granjas
---
2016/08/08 09:20:47 [error] [exception.CException] CException: Property "Estacion.nombre" is not defined. in C:\xampp\htdocs\yii\framework\base\CComponent.php:130
Stack trace:
#0 C:\xampp\htdocs\yii\framework\db\ar\CActiveRecord.php(145): CComponent->__get('nombre')
#1 C:\xampp\htdocs\yii\framework\web\helpers\CHtml.php(2728): CActiveRecord->__get('nombre')
#2 C:\xampp\htdocs\yii\framework\web\helpers\CHtml.php(2451): CHtml::resolveValue(Object(Estacion), 'nombre')
#3 C:\xampp\htdocs\yii\framework\web\helpers\CHtml.php(1533): CHtml::activeInputField('text', Object(Estacion), 'nombre', Array)
#4 C:\xampp\htdocs\yii\framework\web\widgets\CActiveForm.php(792): CHtml::activeTextField(Object(Estacion), 'nombre', Array)
#5 C:\xampp\htdocs\SmobilWeb\protected\views\granjas\_form.php(26): CActiveForm->textField(Object(Estacion), 'nombre', Array)
#6 C:\xampp\htdocs\yii\framework\web\CBaseController.php(126): require('C:\\xampp\\htdocs...')
#7 C:\xampp\htdocs\yii\framework\web\CBaseController.php(95): CBaseController->renderInternal('C:\\xampp\\htdocs...', Array, true)
#8 C:\xampp\htdocs\yii\framework\web\CController.php(869): CBaseController->renderFile('C:\\xampp\\htdocs...', Array, true)
#9 C:\xampp\htdocs\SmobilWeb\protected\views\granjas\create.php(13): CController->renderPartial('_form', Array)
#10 C:\xampp\htdocs\yii\framework\web\CBaseController.php(126): require('C:\\xampp\\htdocs...')
#11 C:\xampp\htdocs\yii\framework\web\CBaseController.php(95): CBaseController->renderInternal('C:\\xampp\\htdocs...', Array, true)
#12 C:\xampp\htdocs\yii\framework\web\CController.php(869): CBaseController->renderFile('C:\\xampp\\htdocs...', Array, true)
#13 C:\xampp\htdocs\yii\framework\web\CController.php(782): CController->renderPartial('create', Array, true)
#14 C:\xampp\htdocs\SmobilWeb\protected\controllers\GranjasController.php(126): CController->render('create', Array)
#15 [internal function]: GranjasController->actionIgloo('1')
#16 C:\xampp\htdocs\yii\framework\web\actions\CAction.php(109): ReflectionMethod->invokeArgs(Object(GranjasController), Array)
#17 C:\xampp\htdocs\yii\framework\web\actions\CInlineAction.php(47): CAction->runWithParamsInternal(Object(GranjasController), Object(ReflectionMethod), Array)
#18 C:\xampp\htdocs\yii\framework\web\CController.php(308): CInlineAction->runWithParams(Array)
#19 C:\xampp\htdocs\yii\framework\web\filters\CFilterChain.php(133): CController->runAction(Object(CInlineAction))
#20 C:\xampp\htdocs\yii\framework\web\filters\CFilter.php(40): CFilterChain->run()
#21 C:\xampp\htdocs\yii\framework\web\CController.php(1145): CFilter->filter(Object(CFilterChain))
#22 C:\xampp\htdocs\yii\framework\web\filters\CInlineFilter.php(58): CController->filterAccessControl(Object(CFilterChain))
#23 C:\xampp\htdocs\yii\framework\web\filters\CFilterChain.php(130): CInlineFilter->filter(Object(CFilterChain))
#24 C:\xampp\htdocs\yii\framework\web\CController.php(291): CFilterChain->run()
#25 C:\xampp\htdocs\yii\framework\web\CController.php(265): CController->runActionWithFilters(Object(CInlineAction), Array)
#26 C:\xampp\htdocs\yii\framework\web\CWebApplication.php(282): CController->run('igloo')
#27 C:\xampp\htdocs\yii\framework\web\CWebApplication.php(141): CWebApplication->runController('granjas/igloo')
#28 C:\xampp\htdocs\yii\framework\base\CApplication.php(184): CWebApplication->processRequest()
#29 C:\xampp\htdocs\SmobilWeb\index.php(18): CApplication->run()
#30 {main}
REQUEST_URI=/SmobilWeb/granjas/igloo/1
HTTP_REFERER=http://localhost/SmobilWeb/granjas
---
2016/08/08 09:20:53 [error] [exception.CException] CException: Property "Estacion.nombre" is not defined. in C:\xampp\htdocs\yii\framework\base\CComponent.php:130
Stack trace:
#0 C:\xampp\htdocs\yii\framework\db\ar\CActiveRecord.php(145): CComponent->__get('nombre')
#1 C:\xampp\htdocs\yii\framework\web\helpers\CHtml.php(2728): CActiveRecord->__get('nombre')
#2 C:\xampp\htdocs\yii\framework\web\helpers\CHtml.php(2451): CHtml::resolveValue(Object(Estacion), 'nombre')
#3 C:\xampp\htdocs\yii\framework\web\helpers\CHtml.php(1533): CHtml::activeInputField('text', Object(Estacion), 'nombre', Array)
#4 C:\xampp\htdocs\yii\framework\web\widgets\CActiveForm.php(792): CHtml::activeTextField(Object(Estacion), 'nombre', Array)
#5 C:\xampp\htdocs\SmobilWeb\protected\views\granjas\_form.php(26): CActiveForm->textField(Object(Estacion), 'nombre', Array)
#6 C:\xampp\htdocs\yii\framework\web\CBaseController.php(126): require('C:\\xampp\\htdocs...')
#7 C:\xampp\htdocs\yii\framework\web\CBaseController.php(95): CBaseController->renderInternal('C:\\xampp\\htdocs...', Array, true)
#8 C:\xampp\htdocs\yii\framework\web\CController.php(869): CBaseController->renderFile('C:\\xampp\\htdocs...', Array, true)
#9 C:\xampp\htdocs\SmobilWeb\protected\views\granjas\create.php(13): CController->renderPartial('_form', Array)
#10 C:\xampp\htdocs\yii\framework\web\CBaseController.php(126): require('C:\\xampp\\htdocs...')
#11 C:\xampp\htdocs\yii\framework\web\CBaseController.php(95): CBaseController->renderInternal('C:\\xampp\\htdocs...', Array, true)
#12 C:\xampp\htdocs\yii\framework\web\CController.php(869): CBaseController->renderFile('C:\\xampp\\htdocs...', Array, true)
#13 C:\xampp\htdocs\yii\framework\web\CController.php(782): CController->renderPartial('create', Array, true)
#14 C:\xampp\htdocs\SmobilWeb\protected\controllers\GranjasController.php(126): CController->render('create', Array)
#15 [internal function]: GranjasController->actionIgloo('1')
#16 C:\xampp\htdocs\yii\framework\web\actions\CAction.php(109): ReflectionMethod->invokeArgs(Object(GranjasController), Array)
#17 C:\xampp\htdocs\yii\framework\web\actions\CInlineAction.php(47): CAction->runWithParamsInternal(Object(GranjasController), Object(ReflectionMethod), Array)
#18 C:\xampp\htdocs\yii\framework\web\CController.php(308): CInlineAction->runWithParams(Array)
#19 C:\xampp\htdocs\yii\framework\web\filters\CFilterChain.php(133): CController->runAction(Object(CInlineAction))
#20 C:\xampp\htdocs\yii\framework\web\filters\CFilter.php(40): CFilterChain->run()
#21 C:\xampp\htdocs\yii\framework\web\CController.php(1145): CFilter->filter(Object(CFilterChain))
#22 C:\xampp\htdocs\yii\framework\web\filters\CInlineFilter.php(58): CController->filterAccessControl(Object(CFilterChain))
#23 C:\xampp\htdocs\yii\framework\web\filters\CFilterChain.php(130): CInlineFilter->filter(Object(CFilterChain))
#24 C:\xampp\htdocs\yii\framework\web\CController.php(291): CFilterChain->run()
#25 C:\xampp\htdocs\yii\framework\web\CController.php(265): CController->runActionWithFilters(Object(CInlineAction), Array)
#26 C:\xampp\htdocs\yii\framework\web\CWebApplication.php(282): CController->run('igloo')
#27 C:\xampp\htdocs\yii\framework\web\CWebApplication.php(141): CWebApplication->runController('granjas/igloo')
#28 C:\xampp\htdocs\yii\framework\base\CApplication.php(184): CWebApplication->processRequest()
#29 C:\xampp\htdocs\SmobilWeb\index.php(18): CApplication->run()
#30 {main}
REQUEST_URI=/SmobilWeb/granjas/igloo/1
HTTP_REFERER=http://localhost/SmobilWeb/granjas
---
